
> @figma/my-make-file@0.0.1 dev
> vite

2026-02-20T14:13:31.289Z vite:config config file loaded in 180.27ms
2026-02-20T14:13:31.292Z vite:env loading env files: [
  'C:/Users/ASUS/OneDrive/Desktop/Money/Electron-Dekstop-Applicaton/UI/.env',
  'C:/Users/ASUS/OneDrive/Desktop/Money/Electron-Dekstop-Applicaton/UI/.env.local',
  'C:/Users/ASUS/OneDrive/Desktop/Money/Electron-Dekstop-Applicaton/UI/.env.development',
  'C:/Users/ASUS/OneDrive/Desktop/Money/Electron-Dekstop-Applicaton/UI/.env.development.local'
]
2026-02-20T14:13:31.293Z vite:env env files loaded in 1.39ms
2026-02-20T14:13:31.293Z vite:env using resolved env: {}
2026-02-20T14:13:31.304Z vite:config using resolved config: {
  root: 'C:/Users/ASUS/OneDrive/Desktop/Money/Electron-Dekstop-Applicaton/UI',
  base: '/',
  plugins: [
    'vite:optimized-deps',
    'vite:watch-package-data',
    'vite:pre-alias',
    'alias',
    'vite:react-babel',
    'vite:react-refresh',
    '@tailwindcss/vite:scan',
    '@tailwindcss/vite:generate:serve',
    'vite:modulepreload-polyfill',
    'vite:resolve',
    'vite:html-inline-proxy',
    'vite:css',
    'vite:esbuild',
    'vite:json',
    'vite:wasm-helper',
    'vite:worker',
    'vite:asset',
    'vite:wasm-fallback',
    'vite:define',
    'vite:css-post',
    'vite:worker-import-meta-url',
    'vite:asset-import-meta-url',
    'vite:dynamic-import-vars',
    'vite:import-glob',
    'vite:client-inject',
    'vite:css-analysis',
    'vite:import-analysis'
  ],
  resolve: {
    externalConditions: [ 'node' ],
    extensions: [
      '.mjs',  '.js',
      '.mts',  '.ts',
      '.jsx',  '.tsx',
      '.json'
    ],
    dedupe: [ 'react', 'react-dom' ],
    noExternal: [],
    external: [],
    preserveSymlinks: false,
    alias: [
      {
        find: '@',
        replacement: 'C:\\Users\\ASUS\\OneDrive\\Desktop\\Money\\Electron-Dekstop-Applicaton\\UI\\src'
      },
      {
        find: /^\/?@vite\/env/,
        replacement: '/@fs/C:/Users/ASUS/OneDrive/Desktop/Money/Electron-Dekstop-Applicaton/node_modules/vite/dist/client/env.mjs'
      },
      {
        find: /^\/?@vite\/client/,
        replacement: '/@fs/C:/Users/ASUS/OneDrive/Desktop/Money/Electron-Dekstop-Applicaton/node_modules/vite/dist/client/client.mjs'
      }
    ],
    mainFields: [ 'browser', 'module', 'jsnext:main', 'jsnext' ],
    conditions: [ 'module', 'browser', 'development|production' ],
    builtins: []
  },
  build: {
    target: [ 'es2020', 'edge88', 'firefox78', 'chrome87', 'safari14' ],
    polyfillModulePreload: true,
    modulePreload: { polyfill: true },
    outDir: 'dist',
    assetsDir: 'assets',
    assetsInlineLimit: 4096,
    sourcemap: false,
    terserOptions: {},
    rollupOptions: { onwarn: [Function: onwarn] },
    commonjsOptions: { include: [ /node_modules/ ], extensions: [ '.js', '.cjs' ] },
    dynamicImportVarsOptions: { warnOnError: true, exclude: [ /node_modules/ ] },
    write: true,
    emptyOutDir: null,
    copyPublicDir: true,
    manifest: false,
    lib: false,
    ssrManifest: false,
    ssrEmitAssets: false,
    reportCompressedSize: true,
    chunkSizeWarningLimit: 500,
    watch: null,
    cssCodeSplit: true,
    minify: 'esbuild',
    ssr: false,
    emitAssets: false,
    createEnvironment: [Function: createEnvironment],
    cssTarget: [ 'es2020', 'edge88', 'firefox78', 'chrome87', 'safari14' ],
    cssMinify: true
  },
  assetsInclude: [Function: assetsInclude],
  server: {
    port: 5173,
    strictPort: false,
    host: undefined,
    allowedHosts: [],
    https: undefined,
    open: false,
    proxy: undefined,
    cors: {
      origin: /^https?:\/\/(?:(?:[^:]+\.)?localhost|127\.0\.0\.1|\[::1\])(?::\d+)?$/
    },
    headers: {},
    warmup: { clientFiles: [], ssrFiles: [] },
    middlewareMode: false,
    fs: {
      strict: true,
      deny: [ '.env', '.env.*', '*.{crt,pem}', '**/.git/**' ],
      allow: [
        'C:/Users/ASUS/OneDrive/Desktop/Money/Electron-Dekstop-Applicaton'
      ]
    },
    preTransformRequests: true,
    perEnvironmentStartEndDuringDev: false,
    sourcemapIgnoreList: [Function: isInNodeModules$1]
  },
  esbuild: { jsxDev: true, jsx: 'automatic', jsxImportSource: undefined },
  optimizeDeps: {
    include: [
      'react',
      'react-dom',
      'react/jsx-dev-runtime',
      'react/jsx-runtime'
    ],
    exclude: [],
    needsInterop: [],
    extensions: [],
    disabled: undefined,
    holdUntilCrawlEnd: true,
    force: false,
    noDiscovery: false,
    esbuildOptions: { preserveSymlinks: false, jsx: 'automatic' }
  },
  environments: {
    client: {
      define: undefined,
      resolve: {
        externalConditions: [ 'node' ],
        extensions: [
          '.mjs',  '.js',
          '.mts',  '.ts',
          '.jsx',  '.tsx',
          '.json'
        ],
        dedupe: [ 'react', 'react-dom' ],
        noExternal: [],
        external: [],
        preserveSymlinks: false,
        alias: [
          {
            find: '@',
            replacement: 'C:\\Users\\ASUS\\OneDrive\\Desktop\\Money\\Electron-Dekstop-Applicaton\\UI\\src'
          },
          {
            find: /^\/?@vite\/env/,
            replacement: '/@fs/C:/Users/ASUS/OneDrive/Desktop/Money/Electron-Dekstop-Applicaton/node_modules/vite/dist/client/env.mjs'
          },
          {
            find: /^\/?@vite\/client/,
            replacement: '/@fs/C:/Users/ASUS/OneDrive/Desktop/Money/Electron-Dekstop-Applicaton/node_modules/vite/dist/client/client.mjs'
          }
        ],
        mainFields: [ 'browser', 'module', 'jsnext:main', 'jsnext' ],
        conditions: [ 'module', 'browser', 'development|production' ],
        builtins: []
      },
      keepProcessEnv: false,
      consumer: 'client',
      optimizeDeps: {
        include: [
          'react',
          'react-dom',
          'react/jsx-dev-runtime',
          'react/jsx-runtime'
        ],
        exclude: [],
        needsInterop: [],
        extensions: [],
        disabled: undefined,
        holdUntilCrawlEnd: true,
        force: false,
        noDiscovery: false,
        esbuildOptions: { preserveSymlinks: false, jsx: 'automatic' }
      },
      dev: {
        warmup: [],
        sourcemap: { js: true },
        sourcemapIgnoreList: [Function: isInNodeModules$1],
        preTransformRequests: true,
        createEnvironment: [Function: defaultCreateClientDevEnvironment],
        recoverable: true,
        moduleRunnerTransform: false
      },
      build: {
        target: [ 'es2020', 'edge88', 'firefox78', 'chrome87', 'safari14' ],
        polyfillModulePreload: true,
        modulePreload: { polyfill: true },
        outDir: 'dist',
        assetsDir: 'assets',
        assetsInlineLimit: 4096,
        sourcemap: false,
        terserOptions: {},
        rollupOptions: { onwarn: [Function: onwarn] },
        commonjsOptions: { include: [ /node_modules/ ], extensions: [ '.js', '.cjs' ] },
        dynamicImportVarsOptions: { warnOnError: true, exclude: [ /node_modules/ ] },
        write: true,
        emptyOutDir: null,
        copyPublicDir: true,
        manifest: false,
        lib: false,
        ssrManifest: false,
        ssrEmitAssets: false,
        reportCompressedSize: true,
        chunkSizeWarningLimit: 500,
        watch: null,
        cssCodeSplit: true,
        minify: 'esbuild',
        ssr: false,
        emitAssets: true,
        createEnvironment: [Function: createEnvironment],
        cssTarget: [ 'es2020', 'edge88', 'firefox78', 'chrome87', 'safari14' ],
        cssMinify: true
      }
    },
    ssr: {
      define: undefined,
      resolve: {
        externalConditions: [ 'node' ],
        extensions: [
          '.mjs',  '.js',
          '.mts',  '.ts',
          '.jsx',  '.tsx',
          '.json'
        ],
        dedupe: [ 'react', 'react-dom' ],
        noExternal: [],
        external: [],
        preserveSymlinks: false,
        alias: [
          {
            find: '@',
            replacement: 'C:\\Users\\ASUS\\OneDrive\\Desktop\\Money\\Electron-Dekstop-Applicaton\\UI\\src'
          },
          {
            find: /^\/?@vite\/env/,
            replacement: '/@fs/C:/Users/ASUS/OneDrive/Desktop/Money/Electron-Dekstop-Applicaton/node_modules/vite/dist/client/env.mjs'
          },
          {
            find: /^\/?@vite\/client/,
            replacement: '/@fs/C:/Users/ASUS/OneDrive/Desktop/Money/Electron-Dekstop-Applicaton/node_modules/vite/dist/client/client.mjs'
          }
        ],
        mainFields: [ 'module', 'jsnext:main', 'jsnext' ],
        conditions: [ 'module', 'node', 'development|production' ],
        builtins: [
          '_http_agent',         '_http_client',        '_http_common',
          '_http_incoming',      '_http_outgoing',      '_http_server',
          '_stream_duplex',      '_stream_passthrough', '_stream_readable',
          '_stream_transform',   '_stream_wrap',        '_stream_writable',
          '_tls_common',         '_tls_wrap',           'assert',
          'assert/strict',       'async_hooks',         'buffer',
          'child_process',       'cluster',             'console',
          'constants',           'crypto',              'dgram',
          'diagnostics_channel', 'dns',                 'dns/promises',
          'domain',              'events',              'fs',
          'fs/promises',         'http',                'http2',
          'https',               'inspector',           'inspector/promises',
          'module',              'net',                 'os',
          'path',                'path/posix',          'path/win32',
          'perf_hooks',          'process',             'punycode',
          'querystring',         'readline',            'readline/promises',
          'repl',                'stream',              'stream/consumers',
          'stream/promises',     'stream/web',          'string_decoder',
          'sys',                 'timers',              'timers/promises',
          'tls',                 'trace_events',        'tty',
          'url',                 'util',                'util/types',
          'v8',                  'vm',                  'wasi',
          'worker_threads',      'zlib',                /^node:/,
          /^npm:/,               /^bun:/
        ]
      },
      keepProcessEnv: true,
      consumer: 'server',
      optimizeDeps: {
        include: [],
        exclude: [],
        needsInterop: [],
        extensions: [],
        disabled: undefined,
        holdUntilCrawlEnd: true,
        force: false,
        noDiscovery: true,
        esbuildOptions: { preserveSymlinks: false }
      },
      dev: {
        warmup: [],
        sourcemap: { js: true },
        sourcemapIgnoreList: [Function: isInNodeModules$1],
        preTransformRequests: false,
        createEnvironment: [Function: defaultCreateDevEnvironment],
        recoverable: false,
        moduleRunnerTransform: true
      },
      build: {
        target: [ 'es2020', 'edge88', 'firefox78', 'chrome87', 'safari14' ],
        polyfillModulePreload: true,
        modulePreload: { polyfill: true },
        outDir: 'dist',
        assetsDir: 'assets',
        assetsInlineLimit: 4096,
        sourcemap: false,
        terserOptions: {},
        rollupOptions: { onwarn: [Function: onwarn] },
        commonjsOptions: { include: [ /node_modules/ ], extensions: [ '.js', '.cjs' ] },
        dynamicImportVarsOptions: { warnOnError: true, exclude: [ /node_modules/ ] },
        write: true,
        emptyOutDir: null,
        copyPublicDir: true,
        manifest: false,
        lib: false,
        ssrManifest: false,
        ssrEmitAssets: false,
        reportCompressedSize: true,
        chunkSizeWarningLimit: 500,
        watch: null,
        cssCodeSplit: true,
        minify: false,
        ssr: true,
        emitAssets: false,
        createEnvironment: [Function: createEnvironment],
        cssTarget: [ 'es2020', 'edge88', 'firefox78', 'chrome87', 'safari14' ],
        cssMinify: 'esbuild'
      }
    }
  },
  configFile: 'C:/Users/ASUS/OneDrive/Desktop/Money/Electron-Dekstop-Applicaton/vite.config.ts',
  configFileDependencies: [
    'C:/Users/ASUS/OneDrive/Desktop/Money/Electron-Dekstop-Applicaton/vite.config.ts'
  ],
  inlineConfig: {
    root: undefined,
    base: undefined,
    mode: undefined,
    configFile: undefined,
    configLoader: undefined,
    logLevel: undefined,
    clearScreen: undefined,
    server: {},
    forceOptimizeDeps: undefined
  },
  decodedBase: '/',
  rawBase: '/',
  publicDir: 'C:/Users/ASUS/OneDrive/Desktop/Money/Electron-Dekstop-Applicaton/UI/public',
  cacheDir: 'C:/Users/ASUS/OneDrive/Desktop/Money/Electron-Dekstop-Applicaton/node_modules/.vite',
  command: 'serve',
  mode: 'development',
  isWorker: false,
  mainConfig: null,
  bundleChain: [],
  isProduction: false,
  css: {
    transformer: 'postcss',
    preprocessorMaxWorkers: 0,
    devSourcemap: false
  },
  json: { namedExports: true, stringify: 'auto' },
  builder: undefined,
  preview: {
    port: 4173,
    strictPort: false,
    host: undefined,
    allowedHosts: [],
    https: undefined,
    open: false,
    proxy: undefined,
    cors: {
      origin: /^https?:\/\/(?:(?:[^:]+\.)?localhost|127\.0\.0\.1|\[::1\])(?::\d+)?$/
    },
    headers: {}
  },
  envDir: 'C:/Users/ASUS/OneDrive/Desktop/Money/Electron-Dekstop-Applicaton/UI',
  env: { BASE_URL: '/', MODE: 'development', DEV: true, PROD: false },
  logger: {
    hasWarned: false,
    info: [Function: info],
    warn: [Function: warn],
    warnOnce: [Function: warnOnce],
    error: [Function: error],
    clearScreen: [Function: clearScreen],
    hasErrorLogged: [Function: hasErrorLogged]
  },
  packageCache: Map(2) {
    'fnpd_C:/Users/ASUS/OneDrive/Desktop/Money/Electron-Dekstop-Applicaton' => {
      dir: 'C:/Users/ASUS/OneDrive/Desktop/Money/Electron-Dekstop-Applicaton',
      data: {
        name: '@figma/my-make-file',
        private: true,
        version: '0.0.1',
        type: 'module',
        main: 'electron/main.cjs',
        scripts: {
          build: 'vite build',
          dev: 'vite',
          electron: 'npm run build && electron .'
        },
        dependencies: {
          '@emotion/react': '11.14.0',
          '@emotion/styled': '11.14.1',
          '@mui/icons-material': '7.3.5',
          '@mui/material': '7.3.5',
          '@popperjs/core': '2.11.8',
          '@radix-ui/react-accordion': '1.2.3',
          '@radix-ui/react-alert-dialog': '1.1.6',
          '@radix-ui/react-aspect-ratio': '1.1.2',
          '@radix-ui/react-avatar': '1.1.3',
          '@radix-ui/react-checkbox': '1.1.4',
          '@radix-ui/react-collapsible': '1.1.3',
          '@radix-ui/react-context-menu': '2.2.6',
          '@radix-ui/react-dialog': '1.1.6',
          '@radix-ui/react-dropdown-menu': '2.1.6',
          '@radix-ui/react-hover-card': '1.1.6',
          '@radix-ui/react-label': '2.1.2',
          '@radix-ui/react-menubar': '1.1.6',
          '@radix-ui/react-navigation-menu': '1.2.5',
          '@radix-ui/react-popover': '1.1.6',
          '@radix-ui/react-progress': '1.1.2',
          '@radix-ui/react-radio-group': '1.2.3',
          '@radix-ui/react-scroll-area': '1.2.3',
          '@radix-ui/react-select': '2.1.6',
          '@radix-ui/react-separator': '1.1.2',
          '@radix-ui/react-slider': '1.2.3',
          '@radix-ui/react-slot': '1.1.2',
          '@radix-ui/react-switch': '1.1.3',
          '@radix-ui/react-tabs': '1.1.3',
          '@radix-ui/react-toggle': '1.1.2',
          '@radix-ui/react-toggle-group': '1.1.2',
          '@radix-ui/react-tooltip': '1.1.8',
          'class-variance-authority': '0.7.1',
          clsx: '2.1.1',
          cmdk: '1.1.1',
          cors: '^2.8.6',
          'date-fns': '3.6.0',
          dotenv: '^17.2.4',
          'embla-carousel-react': '8.6.0',
          express: '^5.2.1',
          'input-otp': '1.4.2',
          'lucide-react': '0.487.0',
          mongoose: '^9.1.6',
          motion: '12.23.24',
          'next-themes': '0.4.6',
          'react-day-picker': '8.10.1',
          'react-dnd': '16.0.1',
          'react-dnd-html5-backend': '16.0.1',
          'react-hook-form': '7.55.0',
          'react-popper': '2.3.0',
          'react-resizable-panels': '2.1.7',
          'react-responsive-masonry': '2.7.1',
          'react-slick': '0.31.0',
          recharts: '2.15.2',
          sonner: '2.0.3',
          'tailwind-merge': '3.2.0',
          'tw-animate-css': '1.3.8',
          vaul: '1.1.2'
        },
        devDependencies: {
          '@tailwindcss/vite': '4.1.12',
          '@types/react': '^19.2.10',
          '@types/react-dom': '^19.2.3',
          '@vitejs/plugin-react': '4.7.0',
          electron: '^40.1.0',
          tailwindcss: '4.1.12',
          typescript: '^5.9.3',
          vite: '6.3.5'
        },
        peerDependencies: { react: '18.3.1', 'react-dom': '18.3.1' },
        peerDependenciesMeta: { react: { optional: true }, 'react-dom': { optional: true } },
        pnpm: { overrides: { vite: '6.3.5' } }
      },
      hasSideEffects: [Function: hasSideEffects],
      setResolvedCache: [Function: setResolvedCache],
      getResolvedCache: [Function: getResolvedCache]
    },
    'fnpd_C:/Users/ASUS/OneDrive/Desktop/Money/Electron-Dekstop-Applicaton/UI' => {
      dir: 'C:/Users/ASUS/OneDrive/Desktop/Money/Electron-Dekstop-Applicaton',
      data: {
        name: '@figma/my-make-file',
        private: true,
        version: '0.0.1',
        type: 'module',
        main: 'electron/main.cjs',
        scripts: {
          build: 'vite build',
          dev: 'vite',
          electron: 'npm run build && electron .'
        },
        dependencies: {
          '@emotion/react': '11.14.0',
          '@emotion/styled': '11.14.1',
          '@mui/icons-material': '7.3.5',
          '@mui/material': '7.3.5',
          '@popperjs/core': '2.11.8',
          '@radix-ui/react-accordion': '1.2.3',
          '@radix-ui/react-alert-dialog': '1.1.6',
          '@radix-ui/react-aspect-ratio': '1.1.2',
          '@radix-ui/react-avatar': '1.1.3',
          '@radix-ui/react-checkbox': '1.1.4',
          '@radix-ui/react-collapsible': '1.1.3',
          '@radix-ui/react-context-menu': '2.2.6',
          '@radix-ui/react-dialog': '1.1.6',
          '@radix-ui/react-dropdown-menu': '2.1.6',
          '@radix-ui/react-hover-card': '1.1.6',
          '@radix-ui/react-label': '2.1.2',
          '@radix-ui/react-menubar': '1.1.6',
          '@radix-ui/react-navigation-menu': '1.2.5',
          '@radix-ui/react-popover': '1.1.6',
          '@radix-ui/react-progress': '1.1.2',
          '@radix-ui/react-radio-group': '1.2.3',
          '@radix-ui/react-scroll-area': '1.2.3',
          '@radix-ui/react-select': '2.1.6',
          '@radix-ui/react-separator': '1.1.2',
          '@radix-ui/react-slider': '1.2.3',
          '@radix-ui/react-slot': '1.1.2',
          '@radix-ui/react-switch': '1.1.3',
          '@radix-ui/react-tabs': '1.1.3',
          '@radix-ui/react-toggle': '1.1.2',
          '@radix-ui/react-toggle-group': '1.1.2',
          '@radix-ui/react-tooltip': '1.1.8',
          'class-variance-authority': '0.7.1',
          clsx: '2.1.1',
          cmdk: '1.1.1',
          cors: '^2.8.6',
          'date-fns': '3.6.0',
          dotenv: '^17.2.4',
          'embla-carousel-react': '8.6.0',
          express: '^5.2.1',
          'input-otp': '1.4.2',
          'lucide-react': '0.487.0',
          mongoose: '^9.1.6',
          motion: '12.23.24',
          'next-themes': '0.4.6',
          'react-day-picker': '8.10.1',
          'react-dnd': '16.0.1',
          'react-dnd-html5-backend': '16.0.1',
          'react-hook-form': '7.55.0',
          'react-popper': '2.3.0',
          'react-resizable-panels': '2.1.7',
          'react-responsive-masonry': '2.7.1',
          'react-slick': '0.31.0',
          recharts: '2.15.2',
          sonner: '2.0.3',
          'tailwind-merge': '3.2.0',
          'tw-animate-css': '1.3.8',
          vaul: '1.1.2'
        },
        devDependencies: {
          '@tailwindcss/vite': '4.1.12',
          '@types/react': '^19.2.10',
          '@types/react-dom': '^19.2.3',
          '@vitejs/plugin-react': '4.7.0',
          electron: '^40.1.0',
          tailwindcss: '4.1.12',
          typescript: '^5.9.3',
          vite: '6.3.5'
        },
        peerDependencies: { react: '18.3.1', 'react-dom': '18.3.1' },
        peerDependenciesMeta: { react: { optional: true }, 'react-dom': { optional: true } },
        pnpm: { overrides: { vite: '6.3.5' } }
      },
      hasSideEffects: [Function: hasSideEffects],
      setResolvedCache: [Function: setResolvedCache],
      getResolvedCache: [Function: getResolvedCache]
    },
    set: [Function (anonymous)]
  },
  worker: { format: 'iife', plugins: '() => plugins', rollupOptions: {} },
  appType: 'spa',
  experimental: { importGlobRestoreExtension: false, hmrPartialAccept: false },
  future: undefined,
  ssr: {
    target: 'node',
    optimizeDeps: {
      esbuildOptions: { preserveSymlinks: false },
      include: [],
      exclude: [],
      needsInterop: [],
      extensions: [],
      holdUntilCrawlEnd: true,
      force: false,
      noDiscovery: true
    },
    external: [],
    noExternal: [],
    resolve: {
      conditions: [ 'module', 'node', 'development|production' ],
      externalConditions: [ 'node' ]
    }
  },
  dev: {
    warmup: [],
    sourcemap: { js: true },
    sourcemapIgnoreList: [Function: isInNodeModules$1],
    preTransformRequests: false,
    createEnvironment: [Function: defaultCreateDevEnvironment],
    recoverable: false,
    moduleRunnerTransform: false
  },
  webSocketToken: 'WeWtPAVrdQ6H',
  getSortedPlugins: [Function: getSortedPlugins],
  getSortedPluginHooks: [Function: getSortedPluginHooks],
  createResolver: [Function: createResolver],
  fsDenyGlob: [Function: arrayMatcher],
  safeModulePaths: Set(0) {},
  additionalAllowedHosts: []
}
2026-02-20T14:13:31.323Z vite:deps (client) Hash is consistent. Skipping. Use --force to override.

  [32m[1mVITE[22m v6.3.5[39m  [2mready in [0m[1m422[22m[2m[0m ms[22m

  [32m➜[39m  [1mLocal[22m:   [36mhttp://localhost:[1m5173[22m/[39m
[2m  [32m➜[39m  [1mNetwork[22m[2m: use [22m[1m--host[22m[2m to expose[22m
[2m[32m  ➜[39m[22m[2m  press [22m[1mh + enter[22m[2m to show help[22m
Terminate batch job (Y/N)? 